\BOOKMARK [1][-]{section.1}{\376\377\006\105\006\102\006\057\006\105\006\107}{}% 1
\BOOKMARK [1][-]{section.2}{\376\377\006\105\006\071\006\105\006\047\006\061\006\314\000\040\006\064\006\050\006\251\006\107\000\040\006\071\006\065\006\050\006\314}{}% 2
\BOOKMARK [2][-]{subsection.2.1}{\376\377\006\110\006\061\006\110\006\057\006\314\000\040\006\064\006\050\006\251\006\107}{section.2}% 3
\BOOKMARK [2][-]{subsection.2.2}{\376\377\006\104\006\047\006\314\006\107\040\014\006\107\006\047\006\314\000\040\006\047\006\063\006\052\006\056\006\061\006\047\006\054\000\040\006\110\006\314\006\230\006\257\006\314}{section.2}% 4
\BOOKMARK [2][-]{subsection.2.3}{\376\377\006\063\006\061\000\040\006\063\006\314\006\047\006\063\006\052\000\040\000\050\000P\000o\000l\000i\000c\000y\000\040\000H\000e\000a\000d\000\051}{section.2}% 5
\BOOKMARK [2][-]{subsection.2.4}{\376\377\006\063\006\061\000\040\006\047\006\061\006\062\006\064\000\040\000\050\000V\000a\000l\000u\000e\000\040\000H\000e\000a\000d\000\051}{section.2}% 6
\BOOKMARK [1][-]{section.3}{\376\377\006\047\006\061\006\062\006\314\006\047\006\050\006\314\000\040\006\107\006\314\006\110\006\061\006\314\006\063\006\052\006\314\006\251}{}% 7
\BOOKMARK [2][-]{subsection.3.1}{\376\377\006\047\006\061\006\062\006\064\000\040\006\105\006\107\006\061\006\107\040\014\006\107\006\047}{section.3}% 8
\BOOKMARK [2][-]{subsection.3.2}{\376\377\006\054\006\057\006\047\006\110\006\104\000\040\006\105\006\251\006\047\006\106\000\040\006\105\006\107\006\061\006\107\040\014\006\107\006\047}{section.3}% 9
\BOOKMARK [2][-]{subsection.3.3}{\376\377\006\063\006\047\006\314\006\061\000\040\006\071\006\110\006\047\006\105\006\104}{section.3}% 10
\BOOKMARK [1][-]{section.4}{\376\377\006\054\006\063\006\052\006\054\006\110\006\314\000\040\006\057\006\061\006\056\006\052\000\040\006\105\006\110\006\106\006\052\000\040\006\251\006\047\006\061\006\104\006\110\000\040\000\050\000M\000C\000T\000S\000\051}{}% 11
\BOOKMARK [2][-]{subsection.4.1}{\376\377\006\105\006\061\006\047\006\055\006\104\000\040\000M\000C\000T\000S}{section.4}% 12
\BOOKMARK [3][-]{subsubsection.4.1.1}{\376\377\006\047\006\106\006\052\006\056\006\047\006\050\000\040\000\050\000S\000e\000l\000e\000c\000t\000i\000o\000n\000\051}{subsection.4.1}% 13
\BOOKMARK [3][-]{subsubsection.4.1.2}{\376\377\006\050\006\063\006\067\000\040\000\050\000E\000x\000p\000a\000n\000s\000i\000o\000n\000\051}{subsection.4.1}% 14
\BOOKMARK [3][-]{subsubsection.4.1.3}{\376\377\006\047\006\061\006\062\006\314\006\047\006\050\006\314\000\040\000\050\000E\000v\000a\000l\000u\000a\000t\000i\000o\000n\000\051}{subsection.4.1}% 15
\BOOKMARK [3][-]{subsubsection.4.1.4}{\376\377\006\050\006\047\006\062\006\257\006\064\006\052\000\040\000\050\000B\000a\000c\000k\000u\000p\000\051}{subsection.4.1}% 16
\BOOKMARK [2][-]{subsection.4.2}{\376\377\006\176\006\314\006\047\006\057\006\107\040\014\006\063\006\047\006\062\006\314\000\040\000M\000C\000T\000S}{section.4}% 17
\BOOKMARK [1][-]{section.5}{\376\377\006\042\006\105\006\047\006\057\006\107\040\014\006\063\006\047\006\062\006\314\000\040\006\057\006\047\006\057\006\107\040\014\006\107\006\047}{}% 18
\BOOKMARK [2][-]{subsection.5.1}{\376\377\006\057\006\061\006\314\006\047\006\101\006\052\000\040\006\110\000\040\006\101\006\314\006\104\006\052\006\061\000\040\006\251\006\061\006\057\006\106\000\040\006\101\006\047\006\314\006\104\040\014\006\107\006\047}{section.5}% 19
\BOOKMARK [2][-]{subsection.5.2}{\376\377\006\047\006\063\006\052\006\056\006\061\006\047\006\054\000\040\006\105\006\110\006\102\006\071\006\314\006\052\040\014\006\107\006\047}{section.5}% 20
\BOOKMARK [2][-]{subsection.5.3}{\376\377\006\060\006\056\006\314\006\061\006\107\040\014\006\063\006\047\006\062\006\314\000\040\006\057\006\063\006\052\006\107\040\014\006\047\006\314\000\040\000\050\000B\000a\000t\000c\000h\000\040\000S\000a\000v\000i\000n\000g\000\051}{section.5}% 21
\BOOKMARK [1][-]{section.6}{\376\377\006\042\006\105\006\110\006\062\006\064\000\040\006\105\006\057\006\104}{}% 22
\BOOKMARK [2][-]{subsection.6.1}{\376\377\006\052\006\047\006\050\006\071\000\040\000L\000o\000s\000s}{section.6}% 23
\BOOKMARK [2][-]{subsection.6.2}{\376\377\006\054\006\104\006\110\006\257\006\314\006\061\006\314\000\040\006\047\006\062\000\040\006\050\006\314\006\064\040\014\006\050\006\061\006\047\006\062\006\064}{section.6}% 24
\BOOKMARK [3][-]{subsubsection.6.2.1}{\376\377\000D\000r\000o\000p\000o\000u\000t}{subsection.6.2}% 25
\BOOKMARK [3][-]{subsubsection.6.2.2}{\376\377\000W\000e\000i\000g\000h\000t\000\040\000D\000e\000c\000a\000y}{subsection.6.2}% 26
\BOOKMARK [3][-]{subsubsection.6.2.3}{\376\377\000E\000a\000r\000l\000y\000\040\000S\000t\000o\000p\000p\000i\000n\000g}{subsection.6.2}% 27
\BOOKMARK [1][-]{section.7}{\376\377\006\047\006\054\006\061\006\047\006\314\000\040\006\050\006\061\006\106\006\047\006\105\006\107}{}% 28
\BOOKMARK [2][-]{subsection.7.1}{\376\377\006\042\006\105\006\047\006\057\006\107\040\014\006\063\006\047\006\062\006\314\000\040\006\057\006\047\006\057\006\107\040\014\006\107\006\047}{section.7}% 29
\BOOKMARK [2][-]{subsection.7.2}{\376\377\006\042\006\105\006\110\006\062\006\064\000\040\006\105\006\057\006\104}{section.7}% 30
\BOOKMARK [2][-]{subsection.7.3}{\376\377\006\050\006\047\006\062\006\314\000\040\006\050\006\047\000\040\006\105\006\110\006\052\006\110\006\061}{section.7}% 31
